<?xml version="1.0" encoding="UTF-8"?>
<!-- Generated by org.testng.reporters.JUnitReportReporter -->
<testsuite hostname="DESKTOP-IQ8QMF0" name="POM.VerifyLoginjava" tests="1" failures="0" timestamp="12 Apr 2022 14:49:30 GMT" time="19.406" errors="0">
  <testcase name="TestUser" time="19.406" classname="POM.VerifyLoginjava"/>
</testsuite> <!-- POM.VerifyLoginjava -->
